<?xml version="1.0" encoding="UTF-8"?>
<!-- Generated by org.testng.reporters.JUnitReportReporter -->
<testsuite hostname="DESKTOP-T1UPUTK" failures="0" tests="5" name="Tests.loginmodule" time="150.918" errors="0" timestamp="2023-06-05T18:59:51 WAT" skipped="0">
  <testcase classname="Tests.loginmodule" name="invalidemailvalidpassword" time="32.737"/>
  <system-out/>
  <testcase classname="Tests.loginmodule" name="validemailinvalidpassword" time="31.151"/>
  <system-out/>
  <testcase classname="Tests.loginmodule" name="ivalidlogin" time="33.298"/>
  <system-out/>
  <testcase classname="Tests.loginmodule" name="validlogin" time="32.737"/>
  <system-out/>
  <testcase classname="Tests.loginmodule" name="emptyloginfields" time="20.995"/>
  <system-out/>
</testsuite> <!-- Tests.loginmodule -->
