<?xml version="1.0" encoding="UTF-8"?>
<!-- Generated by org.testng.reporters.JUnitReportReporter -->
<testsuite hostname="DESKTOP-T1UPUTK" failures="0" tests="1" name="Tests.logoutmodule" time="48.108" errors="0" timestamp="2023-06-05T19:19:48 WAT" skipped="0">
  <testcase classname="Tests.logoutmodule" name="validlogin" time="48.108"/>
  <system-out/>
</testsuite> <!-- Tests.logoutmodule -->
