<?xml version="1.0" encoding="UTF-8"?>
<!-- Generated by org.testng.reporters.JUnitReportReporter -->
<testsuite hostname="DESKTOP-T1UPUTK" failures="0" tests="3" name="Tests.signupmodule" time="39.087" errors="0" timestamp="2023-06-05T19:24:08 WAT" skipped="0">
  <testcase classname="Tests.signupmodule" name="valigsignup" time="12.943"/>
  <system-out/>
  <testcase classname="Tests.signupmodule" name="signupwithemptyemailfield" time="13.591"/>
  <system-out/>
  <testcase classname="Tests.signupmodule" name="invalidemail" time="12.553"/>
  <system-out/>
</testsuite> <!-- Tests.signupmodule -->
